<?xml version="1.0" encoding="UTF-8"?>
<!-- Generated by org.testng.reporters.JUnitReportReporter -->
<testsuite hostname="LAPTOP-ATRE6C6M" failures="0" tests="1" name="test.Fblogin_test" time="0.186" errors="0" timestamp="2023-07-12T01:13:20 IST" skipped="0">
  <testcase classname="test.Fblogin_test" name="testlogin" time="0.186"/>
</testsuite> <!-- test.Fblogin_test -->
