<?xml version="1.0" encoding="UTF-8"?>
<!-- Generated by org.testng.reporters.JUnitReportReporter -->
<testsuite hostname="LAPTOP-ATRE6C6M" failures="0" tests="3" name="package1.ExtentReport" time="2.563" errors="0" timestamp="2023-07-03T11:24:47 IST" skipped="0">
  <testcase classname="package1.ExtentReport" name="fbtitleverification" time="1.150"/>
  <testcase classname="package1.ExtentReport" name="fblogotest" time="0.685"/>
  <testcase classname="package1.ExtentReport" name="fbbuttontest" time="0.728"/>
</testsuite> <!-- package1.ExtentReport -->
